C:\USERS\ADMINISTRATOR\DOCUMENTS\VISUAL STUDIO 2012\PROJECTS\TAPEANALYSISTOOL\OPENCVDLL\RELEASE\STDAFX.OBJ
C:\USERS\ADMINISTRATOR\DOCUMENTS\VISUAL STUDIO 2012\PROJECTS\TAPEANALYSISTOOL\OPENCVDLL\RELEASE\OPENCV.OBJ
C:\USERS\ADMINISTRATOR\DOCUMENTS\VISUAL STUDIO 2012\PROJECTS\TAPEANALYSISTOOL\OPENCVDLL\RELEASE\DLLMAIN.OBJ
C:\USERS\ADMINISTRATOR\DOCUMENTS\VISUAL STUDIO 2012\PROJECTS\TAPEANALYSISTOOL\OPENCVDLL\RELEASE\APIENTRY.OBJ
C:\USERS\ADMINISTRATOR\DOCUMENTS\VISUAL STUDIO 2012\PROJECTS\TAPEANALYSISTOOL\OPENCVDLL\RELEASE\VC110.PDB
C:\USERS\ADMINISTRATOR\DOCUMENTS\VISUAL STUDIO 2012\PROJECTS\TAPEANALYSISTOOL\RELEASE\OPENCVDLL.DLL
C:\USERS\ADMINISTRATOR\DOCUMENTS\VISUAL STUDIO 2012\PROJECTS\TAPEANALYSISTOOL\RELEASE\OPENCVDLL.PDB
C:\Users\Administrator\Documents\Visual Studio 2012\Projects\TapeAnalysisTool\Release\OpenCvDll.lib
C:\Users\Administrator\Documents\Visual Studio 2012\Projects\TapeAnalysisTool\Release\OpenCvDll.exp
C:\Users\Administrator\Documents\Visual Studio 2012\Projects\TapeAnalysisTool\OpenCvDll\Release\APIEntry.obj
C:\Users\Administrator\Documents\Visual Studio 2012\Projects\TapeAnalysisTool\OpenCvDll\Release\dllmain.obj
C:\Users\Administrator\Documents\Visual Studio 2012\Projects\TapeAnalysisTool\OpenCvDll\Release\OpenCV.obj
C:\Users\Administrator\Documents\Visual Studio 2012\Projects\TapeAnalysisTool\OpenCvDll\Release\stdafx.obj
C:\Users\Administrator\Documents\Visual Studio 2012\Projects\TapeAnalysisTool\OpenCvDll\Release\cl.command.1.tlog
C:\Users\Administrator\Documents\Visual Studio 2012\Projects\TapeAnalysisTool\OpenCvDll\Release\CL.read.1.tlog
C:\Users\Administrator\Documents\Visual Studio 2012\Projects\TapeAnalysisTool\OpenCvDll\Release\CL.write.1.tlog
C:\Users\Administrator\Documents\Visual Studio 2012\Projects\TapeAnalysisTool\OpenCvDll\Release\link-cvtres.read.1.tlog
C:\Users\Administrator\Documents\Visual Studio 2012\Projects\TapeAnalysisTool\OpenCvDll\Release\link-cvtres.write.1.tlog
C:\Users\Administrator\Documents\Visual Studio 2012\Projects\TapeAnalysisTool\OpenCvDll\Release\link-rc.read.1.tlog
C:\Users\Administrator\Documents\Visual Studio 2012\Projects\TapeAnalysisTool\OpenCvDll\Release\link-rc.write.1.tlog
C:\Users\Administrator\Documents\Visual Studio 2012\Projects\TapeAnalysisTool\OpenCvDll\Release\link.command.1.tlog
C:\Users\Administrator\Documents\Visual Studio 2012\Projects\TapeAnalysisTool\OpenCvDll\Release\link.read.1.tlog
C:\Users\Administrator\Documents\Visual Studio 2012\Projects\TapeAnalysisTool\OpenCvDll\Release\link.write.1.tlog
C:\Users\Administrator\Documents\Visual Studio 2012\Projects\TapeAnalysisTool\OpenCvDll\Release\OpenCvDll.write.1.tlog
C:\Users\Administrator\Documents\Visual Studio 2012\Projects\TapeAnalysisTool\OpenCvDll\Release\vc110.pdb
C:\Users\Administrator\Documents\Visual Studio 2012\Projects\TapeAnalysisTool\Release\OpenCvDll.pdb
C:\Users\Administrator\Documents\Visual Studio 2012\Projects\TapeAnalysisTool\Release\OpenCvDll.dll
